<?xml version="1.0" encoding="UTF-8"?>
<!-- Generated by org.testng.reporters.JUnitXMLReporter -->
<testsuite ignored="3" hostname="DESKTOP-DGE33NL" failures="0" tests="10" name="Test" time="0.255" errors="0" timestamp="2022-04-26T13:04:55 IST">
  <testcase classname="com.example.demo.FirstTest" name="bTest" time="0.028"/>
  <testcase classname="com.example.demo2.ThirdTest" name="kTest" time="0.003"/>
  <testcase classname="com.example.demo2.FourthTest" name="hTest" time="0.007"/>
  <testcase classname="com.example.demo2.FourthTest" name="iTest" time="0.004"/>
  <testcase classname="com.example.demo2.FourthTest" name="jTest" time="0.004"/>
  <testcase classname="com.example.demo.TestNgDemoApplicationTests" name="fTest" time="0.003"/>
  <testcase classname="com.example.demo.TestNgDemoApplicationTests" name="gTest" time="0.003"/>
  <testcase classname="com.example.demo.SecondTest" name="cTest" time="0.006"/>
  <testcase classname="com.example.demo.SecondTest" name="dTest" time="0.002"/>
  <testcase classname="com.example.demo.SecondTest" name="eTest" time="0.008"/>
  <testcase classname="com.example.demo2.ThirdTest" name="mTest" time="0.0">
    <ignored/>
  </testcase> <!-- mTest -->
  <testcase classname="com.example.demo2.ThirdTest" name="lTest" time="0.0">
    <ignored/>
  </testcase> <!-- lTest -->
  <testcase classname="com.example.demo.FirstTest" name="aTest" time="0.0">
    <ignored/>
  </testcase> <!-- aTest -->
</testsuite> <!-- Test -->
