<?xml version="1.0" encoding="UTF-8"?>
<!-- Generated by org.testng.reporters.JUnitXMLReporter -->
<testsuite ignored="1" hostname="DESKTOP-DGE33NL" failures="0" tests="6" name="Test1" time="0.226" errors="0" timestamp="2022-04-26T15:07:03 IST">
  <testcase classname="com.example.demo.FirstTest" name="aTest" time="0.023"/>
  <testcase classname="com.example.demo.TestNgDemoApplicationTests" name="fTest" time="0.009"/>
  <testcase classname="com.example.demo.TestNgDemoApplicationTests" name="gTest" time="0.01"/>
  <testcase classname="com.example.demo.SecondTest" name="cTest" time="0.012"/>
  <testcase classname="com.example.demo.SecondTest" name="dTest" time="0.004"/>
  <testcase classname="com.example.demo.SecondTest" name="eTest" time="0.003"/>
  <testcase classname="com.example.demo.FirstTest" name="bTest" time="0.0">
    <ignored/>
  </testcase> <!-- bTest -->
</testsuite> <!-- Test1 -->
