<?xml version="1.0" encoding="UTF-8"?>
<!-- Generated by org.testng.reporters.JUnitXMLReporter -->
<testsuite ignored="2" hostname="DESKTOP-DGE33NL" failures="0" tests="4" name="Test2" time="0.032" errors="0" timestamp="2022-04-26T15:07:03 IST">
  <testcase classname="com.example.demo2.FourthTest" name="hTest" time="0.002"/>
  <testcase classname="com.example.demo2.FourthTest" name="iTest" time="0.003"/>
  <testcase classname="com.example.demo2.FourthTest" name="jTest" time="0.002"/>
  <testcase classname="com.example.demo2.ThirdTest" name="kTest" time="0.003"/>
  <testcase classname="com.example.demo2.ThirdTest" name="lTest" time="0.0">
    <ignored/>
  </testcase> <!-- lTest -->
  <testcase classname="com.example.demo2.ThirdTest" name="mTest" time="0.0">
    <ignored/>
  </testcase> <!-- mTest -->
</testsuite> <!-- Test2 -->
