<?xml version="1.0" encoding="UTF-8"?>
<!-- Generated by org.testng.reporters.JUnitXMLReporter -->
<testsuite ignored="0" hostname="DESKTOP-DGE33NL" failures="0" tests="3" name="Test4" time="0.134" errors="0" timestamp="2022-04-26T15:43:40 IST">
  <testcase classname="com.example.demo2.FourthTest" name="hTest" time="0.022"/>
  <testcase classname="com.example.demo2.FourthTest" name="iTest" time="0.005"/>
  <testcase classname="com.example.demo2.FourthTest" name="jTest" time="0.003"/>
</testsuite> <!-- Test4 -->
