<?xml version="1.0" encoding="UTF-8"?>
<!-- Generated by org.testng.reporters.JUnitXMLReporter -->
<testsuite ignored="0" hostname="DESKTOP-DGE33NL" failures="0" tests="3" name="Test3" time="0.166" errors="0" timestamp="2022-04-26T15:11:04 IST">
  <testcase classname="com.example.demo.SecondTest" name="cTest" time="0.041"/>
  <testcase classname="com.example.demo.SecondTest" name="dTest" time="0.005"/>
  <testcase classname="com.example.demo.SecondTest" name="eTest" time="0.004"/>
</testsuite> <!-- Test3 -->
