<?xml version="1.0" encoding="UTF-8"?>
<!-- Generated by org.testng.reporters.JUnitXMLReporter -->
<testsuite ignored="6" hostname="DESKTOP-DGE33NL" failures="0" tests="0" time="0.029" errors="0" timestamp="2022-04-26T16:16:00 IST">
  <testcase classname="com.example.demo3ignore.SixthTest" name="csixth" time="0.0">
    <ignored/>
  </testcase> <!-- csixth -->
  <testcase classname="com.example.demo3ignore.SeventhTest" name="aseventh" time="0.0">
    <ignored/>
  </testcase> <!-- aseventh -->
  <testcase classname="com.example.demo3ignore.SeventhTest" name="cseventh" time="0.0">
    <ignored/>
  </testcase> <!-- cseventh -->
  <testcase classname="com.example.demo3ignore.SixthTest" name="asixth" time="0.0">
    <ignored/>
  </testcase> <!-- asixth -->
  <testcase classname="com.example.demo3ignore.SeventhTest" name="bseventh" time="0.0">
    <ignored/>
  </testcase> <!-- bseventh -->
  <testcase classname="com.example.demo3ignore.SixthTest" name="bsixth" time="0.0">
    <ignored/>
  </testcase> <!-- bsixth -->
</testsuite>
