<?xml version="1.0" encoding="UTF-8"?>
<!-- Generated by org.testng.reporters.JUnitXMLReporter -->
<testsuite ignored="3" hostname="DESKTOP-DGE33NL" failures="0" tests="3" name="Test7" time="0.041" errors="0" timestamp="2022-04-29T12:01:20 IST">
  <testcase classname="com.example.demogroups.FourthTest" name="hTest" time="0.004"/>
  <testcase classname="com.example.demogroups.FourthTest" name="iTest" time="0.004"/>
  <testcase classname="com.example.demogroups.FourthTest" name="jTest" time="0.006"/>
  <testcase classname="com.example.demogroups.ThirdTest" name="lTest" time="0.0">
    <ignored/>
  </testcase> <!-- lTest -->
  <testcase classname="com.example.demogroups.ThirdTest" name="mTest" time="0.0">
    <ignored/>
  </testcase> <!-- mTest -->
  <testcase classname="com.example.demogroups.ThirdTest" name="kTest" time="0.0">
    <ignored/>
  </testcase> <!-- kTest -->
</testsuite> <!-- Test7 -->
