<?xml version="1.0" encoding="UTF-8"?>
<!-- Generated by org.testng.reporters.JUnitXMLReporter -->
<testsuite ignored="0" hostname="DESKTOP-DGE33NL" failures="0" tests="6" name="Test6" time="0.174" errors="0" timestamp="2022-04-29T12:01:20 IST">
  <testcase classname="com.example.demogroups.ThirdTest" name="kTest" time="0.021"/>
  <testcase classname="com.example.demogroups.ThirdTest" name="lTest" time="0.006"/>
  <testcase classname="com.example.demogroups.ThirdTest" name="mTest" time="0.003"/>
  <testcase classname="com.example.demogroups.FourthTest" name="hTest" time="0.003"/>
  <testcase classname="com.example.demogroups.FourthTest" name="iTest" time="0.004"/>
  <testcase classname="com.example.demogroups.FourthTest" name="jTest" time="0.004"/>
</testsuite> <!-- Test6 -->
